
  .   ____          _            __ _ _
 /\\ / ___'_ __ _ _(_)_ __  __ _ \ \ \ \
( ( )\___ | '_ | '_| | '_ \/ _` | \ \ \ \
 \\/  ___)| |_)| | | | | || (_| |  ) ) ) )
  '  |____| .__|_| |_|_| |_\__, | / / / /
 =========|_|==============|___/=/_/_/_/
 :: Spring Boot ::        (v2.1.5.RELEASE)

2019-12-04 22:27:08.602  INFO 17540 --- [           main] com.example.demo.SareetaApplication      : Starting SareetaApplication on DESKTOP-BF2GFLB with PID 17540 (started by adtya in H:\Nano Java\myEdsub\edit\P04-eCommerce Application\starter_code)
2019-12-04 22:27:08.609  INFO 17540 --- [           main] com.example.demo.SareetaApplication      : No active profile set, falling back to default profiles: default
2019-12-04 22:27:11.334  INFO 17540 --- [           main] .s.d.r.c.RepositoryConfigurationDelegate : Bootstrapping Spring Data repositories in DEFAULT mode.
2019-12-04 22:27:11.558  INFO 17540 --- [           main] .s.d.r.c.RepositoryConfigurationDelegate : Finished Spring Data repository scanning in 206ms. Found 4 repository interfaces.
2019-12-04 22:27:13.179  INFO 17540 --- [           main] trationDelegate$BeanPostProcessorChecker : Bean 'org.springframework.transaction.annotation.ProxyTransactionManagementConfiguration' of type [org.springframework.transaction.annotation.ProxyTransactionManagementConfiguration$$EnhancerBySpringCGLIB$$dbdf4e9d] is not eligible for getting processed by all BeanPostProcessors (for example: not eligible for auto-proxying)
2019-12-04 22:27:14.258  INFO 17540 --- [           main] o.s.b.w.embedded.tomcat.TomcatWebServer  : Tomcat initialized with port(s): 8080 (http)
2019-12-04 22:27:14.346  INFO 17540 --- [           main] o.apache.catalina.core.StandardService   : Starting service [Tomcat]
2019-12-04 22:27:14.347  INFO 17540 --- [           main] org.apache.catalina.core.StandardEngine  : Starting Servlet engine: [Apache Tomcat/9.0.19]
2019-12-04 22:27:14.673  INFO 17540 --- [           main] o.a.c.c.C.[Tomcat].[localhost].[/]       : Initializing Spring embedded WebApplicationContext
2019-12-04 22:27:14.673  INFO 17540 --- [           main] o.s.web.context.ContextLoader            : Root WebApplicationContext: initialization completed in 5744 ms
2019-12-04 22:27:15.103  INFO 17540 --- [           main] com.zaxxer.hikari.HikariDataSource       : HikariPool-1 - Starting...
2019-12-04 22:27:15.478  INFO 17540 --- [           main] com.zaxxer.hikari.HikariDataSource       : HikariPool-1 - Start completed.
2019-12-04 22:27:15.599  INFO 17540 --- [           main] o.hibernate.jpa.internal.util.LogHelper  : HHH000204: Processing PersistenceUnitInfo [
	name: default
	...]
2019-12-04 22:27:15.775  INFO 17540 --- [           main] org.hibernate.Version                    : HHH000412: Hibernate Core {5.3.10.Final}
2019-12-04 22:27:15.778  INFO 17540 --- [           main] org.hibernate.cfg.Environment            : HHH000206: hibernate.properties not found
2019-12-04 22:27:16.117  INFO 17540 --- [           main] o.hibernate.annotations.common.Version   : HCANN000001: Hibernate Commons Annotations {5.0.4.Final}
2019-12-04 22:27:16.435  INFO 17540 --- [           main] org.hibernate.dialect.Dialect            : HHH000400: Using dialect: org.hibernate.dialect.H2Dialect
2019-12-04 22:27:18.243  INFO 17540 --- [           main] j.LocalContainerEntityManagerFactoryBean : Initialized JPA EntityManagerFactory for persistence unit 'default'
2019-12-04 22:27:19.745  INFO 17540 --- [           main] o.s.s.web.DefaultSecurityFilterChain     : Creating filter chain: any request, [org.springframework.security.web.context.request.async.WebAsyncManagerIntegrationFilter@4d66cb, org.springframework.security.web.context.SecurityContextPersistenceFilter@13018f00, org.springframework.security.web.header.HeaderWriterFilter@1238a074, org.springframework.web.filter.CorsFilter@7c79f2cf, org.springframework.security.web.authentication.logout.LogoutFilter@c7c07ff, com.example.demo.security.JWTAuthenticationFilter@63551c66, com.example.demo.security.JWTAuthorizationFilter@2761156e, org.springframework.security.web.savedrequest.RequestCacheAwareFilter@2e1e7bc6, org.springframework.security.web.servletapi.SecurityContextHolderAwareRequestFilter@2e2cd42c, org.springframework.security.web.authentication.AnonymousAuthenticationFilter@4cf15477, org.springframework.security.web.session.SessionManagementFilter@73baf7f0, org.springframework.security.web.access.ExceptionTranslationFilter@259c6ab8, org.springframework.security.web.access.intercept.FilterSecurityInterceptor@c85486]
2019-12-04 22:27:20.129  INFO 17540 --- [           main] o.s.s.concurrent.ThreadPoolTaskExecutor  : Initializing ExecutorService 'applicationTaskExecutor'
2019-12-04 22:27:20.235  WARN 17540 --- [           main] aWebConfiguration$JpaWebMvcConfiguration : spring.jpa.open-in-view is enabled by default. Therefore, database queries may be performed during view rendering. Explicitly configure spring.jpa.open-in-view to disable this warning
2019-12-04 22:27:20.781  INFO 17540 --- [           main] o.s.b.w.embedded.tomcat.TomcatWebServer  : Tomcat started on port(s): 8080 (http) with context path ''
2019-12-04 22:27:20.805  INFO 17540 --- [           main] com.example.demo.SareetaApplication      : Started SareetaApplication in 13.321 seconds (JVM running for 14.706)
